<?xml version="1.0" encoding="UTF-8"?>
<testng-results ignored="0" total="1" passed="1" failed="0" skipped="0">
  <reporter-output>
  </reporter-output>
  <suite started-at="2022-07-13T19:52:48 IST" name="Default suite" finished-at="2022-07-13T19:52:52 IST" duration-ms="3231">
    <groups>
    </groups>
    <test started-at="2022-07-13T19:52:48 IST" name="Default test" finished-at="2022-07-13T19:52:52 IST" duration-ms="3231">
      <class name="com.test.RestAssured.CreateAUserFromExternalFile">
        <test-method signature="CreateUserFromExternalFile()[pri:0, instance:com.test.RestAssured.CreateAUserFromExternalFile@3bf9ce3e]" started-at="2022-07-13T19:52:48 IST" name="CreateUserFromExternalFile" finished-at="2022-07-13T19:52:52 IST" duration-ms="3133" status="PASS">
          <reporter-output>
          </reporter-output>
        </test-method> <!-- CreateUserFromExternalFile -->
      </class> <!-- com.test.RestAssured.CreateAUserFromExternalFile -->
    </test> <!-- Default test -->
  </suite> <!-- Default suite -->
</testng-results>
